[0m[[0m[0mdebug[0m] [0m[0mRunning TaskDef(edu.hcu.pagination.RestServicesTest, org.scalatest.tools.Framework$$anon$1@3fcfafcd, false, [SuiteSelector])[0m
[0m[[0m[0mdebug[0m] [0m[0mRunning TaskDef(edu.hcu.pagination.PdfRepositoryTest, org.scalatest.tools.Framework$$anon$1@3fcfafcd, false, [SuiteSelector])[0m
[0m[[0m[0minfo[0m] [0m[0m[36mRun completed in 4 seconds, 811 milliseconds.[0m[0m
[0m[[0m[0minfo[0m] [0m[0m[36mTotal number of tests run: 7[0m[0m
[0m[[0m[0minfo[0m] [0m[0m[36mSuites: completed 2, aborted 0[0m[0m
[0m[[0m[0minfo[0m] [0m[0m[36mTests: succeeded 6, failed 1, canceled 0, ignored 0, pending 0[0m[0m
[0m[[0m[0minfo[0m] [0m[0m[31m*** 1 TEST FAILED ***[0m[0m
[0m[[0m[0mdebug[0m] [0m[0mPassed tests:[0m
[0m[[0m[0mdebug[0m] [0m[0m	edu.hcu.pagination.PdfRepositoryTest[0m
[0m[[0m[31merror[0m] [0m[0mFailed tests:[0m
[0m[[0m[31merror[0m] [0m[0m	edu.hcu.pagination.RestServicesTest[0m
[0m[[0m[31merror[0m] [0m[0m(Test / [31mtest[0m) sbt.TestsFailedException: Tests unsuccessful[0m
